<?xml version="1.0" encoding="UTF-8"?>
<coverage generated="1751147246905" clover="3.2.0">
  <project timestamp="1751147246905" name="All files">
    <metrics statements="13" coveredstatements="12" conditionals="10" coveredconditionals="8" methods="5" coveredmethods="5" elements="28" coveredelements="25" complexity="0" loc="13" ncloc="13" packages="2" files="4" classes="4"/>
    <package name="src">
      <metrics statements="1" coveredstatements="1" conditionals="0" coveredconditionals="0" methods="0" coveredmethods="0"/>
      <file name="mock-data.js" path="/Users/kevinoshea/meet/meet-app/src/mock-data.js">
        <metrics statements="1" coveredstatements="1" conditionals="0" coveredconditionals="0" methods="0" coveredmethods="0"/>
        <line num="2" count="1" type="stmt"/>
      </file>
    </package>
    <package name="src.components">
      <metrics statements="12" coveredstatements="11" conditionals="10" coveredconditionals="8" methods="5" coveredmethods="5"/>
      <file name="App.jsx" path="/Users/kevinoshea/meet/meet-app/src/components/App.jsx">
        <metrics statements="1" coveredstatements="1" conditionals="0" coveredconditionals="0" methods="1" coveredmethods="1"/>
        <line num="6" count="1" type="stmt"/>
      </file>
      <file name="Event.jsx" path="/Users/kevinoshea/meet/meet-app/src/components/Event.jsx">
        <metrics statements="4" coveredstatements="4" conditionals="6" coveredconditionals="5" methods="2" coveredmethods="2"/>
        <line num="4" count="1" type="stmt"/>
        <line num="5" count="13" type="stmt"/>
        <line num="7" count="13" type="stmt"/>
        <line num="22" count="5" type="stmt"/>
      </file>
      <file name="NumberOfEvents.jsx" path="/Users/kevinoshea/meet/meet-app/src/components/NumberOfEvents.jsx">
        <metrics statements="7" coveredstatements="6" conditionals="4" coveredconditionals="3" methods="2" coveredmethods="2"/>
        <line num="4" count="4" type="stmt"/>
        <line num="6" count="4" type="stmt"/>
        <line num="7" count="3" type="cond" truecount="2" falsecount="0"/>
        <line num="8" count="3" type="stmt"/>
        <line num="9" count="3" type="cond" truecount="1" falsecount="1"/>
        <line num="10" count="0" type="stmt"/>
        <line num="15" count="7" type="stmt"/>
      </file>
    </package>
  </project>
</coverage>
