{"/Users/kevinoshea/meet/meet-app/src/mock-data.js": {"path":"/Users/kevinoshea/meet/meet-app/src/mock-data.js","statementMap":{"0":{"start":{"line":2,"column":19},"end":{"line":12,"column":1}}},"fnMap":{},"branchMap":{},"s":{"0":1},"f":{},"b":{},"_coverageSchema":"1a1c01bbd47fc00a2c39e90264f33305004495a9","hash":"13033795b2617b9f0ab967fce7bbe57abf2d08d6"}
,"/Users/kevinoshea/meet/meet-app/src/components/App.jsx": {"path":"/Users/kevinoshea/meet/meet-app/src/components/App.jsx","statementMap":{"0":{"start":{"line":6,"column":2},"end":{"line":10,"column":4}}},"fnMap":{"0":{"name":"App","decl":{"start":{"line":5,"column":9},"end":{"line":5,"column":12}},"loc":{"start":{"line":5,"column":15},"end":{"line":11,"column":1}},"line":5}},"branchMap":{},"s":{"0":1},"f":{"0":1},"b":{},"_coverageSchema":"1a1c01bbd47fc00a2c39e90264f33305004495a9","hash":"e97763694dbdf5cc7a2c7b5f17a412be74f0e588"}
,"/Users/kevinoshea/meet/meet-app/src/components/Event.jsx": {"path":"/Users/kevinoshea/meet/meet-app/src/components/Event.jsx","statementMap":{"0":{"start":{"line":4,"column":14},"end":{"line":27,"column":1}},"1":{"start":{"line":5,"column":40},"end":{"line":5,"column":55}},"2":{"start":{"line":7,"column":2},"end":{"line":26,"column":4}},"3":{"start":{"line":22,"column":29},"end":{"line":22,"column":57}}},"fnMap":{"0":{"name":"(anonymous_0)","decl":{"start":{"line":4,"column":14},"end":{"line":4,"column":15}},"loc":{"start":{"line":4,"column":29},"end":{"line":27,"column":1}},"line":4},"1":{"name":"(anonymous_1)","decl":{"start":{"line":22,"column":23},"end":{"line":22,"column":24}},"loc":{"start":{"line":22,"column":29},"end":{"line":22,"column":57}},"line":22}},"branchMap":{"0":{"loc":{"start":{"line":13,"column":7},"end":{"line":20,"column":7}},"type":"binary-expr","locations":[{"start":{"line":13,"column":7},"end":{"line":13,"column":18}},{"start":{"line":14,"column":8},"end":{"line":19,"column":14}}],"line":13},"1":{"loc":{"start":{"line":16,"column":11},"end":{"line":18,"column":11}},"type":"binary-expr","locations":[{"start":{"line":16,"column":11},"end":{"line":16,"column":25}},{"start":{"line":17,"column":12},"end":{"line":17,"column":97}}],"line":16},"2":{"loc":{"start":{"line":23,"column":9},"end":{"line":23,"column":54}},"type":"cond-expr","locations":[{"start":{"line":23,"column":23},"end":{"line":23,"column":37}},{"start":{"line":23,"column":40},"end":{"line":23,"column":54}}],"line":23}},"s":{"0":1,"1":13,"2":13,"3":5},"f":{"0":13,"1":5},"b":{"0":[13,3],"1":[3,0],"2":[3,10]},"_coverageSchema":"1a1c01bbd47fc00a2c39e90264f33305004495a9","hash":"6aa0256d72760d19161101c32e390b36bccbfdf7"}
,"/Users/kevinoshea/meet/meet-app/src/components/NumberOfEvents.jsx": {"path":"/Users/kevinoshea/meet/meet-app/src/components/NumberOfEvents.jsx","statementMap":{"0":{"start":{"line":4,"column":10},"end":{"line":4,"column":32}},"1":{"start":{"line":6,"column":23},"end":{"line":12,"column":3}},"2":{"start":{"line":7,"column":18},"end":{"line":7,"column":47}},"3":{"start":{"line":8,"column":4},"end":{"line":8,"column":45}},"4":{"start":{"line":9,"column":4},"end":{"line":11,"column":5}},"5":{"start":{"line":10,"column":6},"end":{"line":10,"column":45}},"6":{"start":{"line":15,"column":4},"end":{"line":26,"column":6}}},"fnMap":{"0":{"name":"(anonymous_0)","decl":{"start":{"line":6,"column":23},"end":{"line":6,"column":24}},"loc":{"start":{"line":6,"column":30},"end":{"line":12,"column":3}},"line":6},"1":{"name":"(anonymous_1)","decl":{"start":{"line":14,"column":2},"end":{"line":14,"column":3}},"loc":{"start":{"line":14,"column":11},"end":{"line":27,"column":3}},"line":14}},"branchMap":{"0":{"loc":{"start":{"line":7,"column":18},"end":{"line":7,"column":47}},"type":"binary-expr","locations":[{"start":{"line":7,"column":18},"end":{"line":7,"column":42}},{"start":{"line":7,"column":46},"end":{"line":7,"column":47}}],"line":7},"1":{"loc":{"start":{"line":9,"column":4},"end":{"line":11,"column":5}},"type":"if","locations":[{"start":{"line":9,"column":4},"end":{"line":11,"column":5}},{"start":{},"end":{}}],"line":9}},"s":{"0":4,"1":4,"2":3,"3":3,"4":3,"5":0,"6":7},"f":{"0":3,"1":7},"b":{"0":[3,1],"1":[0,3]},"_coverageSchema":"1a1c01bbd47fc00a2c39e90264f33305004495a9","hash":"4e6290d5d469f4cb5d478e97876357d7bc0884de"}
}
