TN:
SF:src/mock-data.js
FNF:0
FNH:0
DA:2,1
LF:1
LH:1
BRF:0
BRH:0
end_of_record
TN:
SF:src/components/App.jsx
FN:5,App
FNF:1
FNH:1
FNDA:1,App
DA:6,1
LF:1
LH:1
BRF:0
BRH:0
end_of_record
TN:
SF:src/components/Event.jsx
FN:4,(anonymous_0)
FN:22,(anonymous_1)
FNF:2
FNH:2
FNDA:13,(anonymous_0)
FNDA:5,(anonymous_1)
DA:4,1
DA:5,13
DA:7,13
DA:22,5
LF:4
LH:4
BRDA:13,0,0,13
BRDA:13,0,1,3
BRDA:16,1,0,3
BRDA:16,1,1,0
BRDA:23,2,0,3
BRDA:23,2,1,10
BRF:6
BRH:5
end_of_record
TN:
SF:src/components/NumberOfEvents.jsx
FN:6,(anonymous_0)
FN:14,(anonymous_1)
FNF:2
FNH:2
FNDA:3,(anonymous_0)
FNDA:7,(anonymous_1)
DA:4,4
DA:6,4
DA:7,3
DA:8,3
DA:9,3
DA:10,0
DA:15,7
LF:7
LH:6
BRDA:7,0,0,3
BRDA:7,0,1,1
BRDA:9,1,0,0
BRDA:9,1,1,3
BRF:4
BRH:3
end_of_record
